
SQL*Loader: Release 11.2.0.2.0 - Production on Wed Nov 6 18:14:24 2024

Copyright (c) 1982, 2009, Oracle and/or its affiliates.  All rights reserved.

Control File:   ctl/listings.ctl
Data File:      data/listings.csv
  Bad File:     bads/listings.bad
  Discard File:  none specified
 
 (Allow all discards)

Number to load: ALL
Number to skip: 1
Errors allowed: 50
Bind array:     64 rows, maximum of 256000 bytes
Continuation:    none specified
Path used:      Conventional

Table LISTINGS, loaded from every logical record.
Insert option in effect for this table: REPLACE
TRAILING NULLCOLS option in effect

   Column Name                  Position   Len  Term Encl Datatype
------------------------------ ---------- ----- ---- ---- ---------------------
ID                                  FIRST     *   ,  O(") CHARACTER            
LISTING_URL                          NEXT     *   ,  O(") CHARACTER            
NAME                                 NEXT     *   ,  O(") CHARACTER            
ROOM_TYPE                            NEXT     *   ,  O(") CHARACTER            
MINIMUM_NIGHTS                       NEXT     *   ,  O(") CHARACTER            
HOST_ID                              NEXT     *   ,  O(") CHARACTER            
PRICE                                NEXT     *   ,  O(") CHARACTER            
CREATED_AT                           NEXT     *   ,  O(") CHARACTER            
    SQL string for column : "TO_TIMESTAMP(:created_at, 'YYYY-MM-DD"T"HH24:MI:SS"Z"')"
UPDATED_AT                           NEXT     *   ,  O(") CHARACTER            
    SQL string for column : "TO_TIMESTAMP(:updated_at, 'YYYY-MM-DD"T"HH24:MI:SS"Z"')"


Table LISTINGS:
  17499 Rows successfully loaded.
  0 Rows not loaded due to data errors.
  0 Rows not loaded because all WHEN clauses were failed.
  0 Rows not loaded because all fields were null.


Space allocated for bind array:                 148608 bytes(64 rows)
Read   buffer bytes: 1048576

Total logical records skipped:          1
Total logical records read:         17499
Total logical records rejected:         0
Total logical records discarded:        0

Run began on Wed Nov 06 18:14:24 2024
Run ended on Wed Nov 06 18:14:25 2024

Elapsed time was:     00:00:00.82
CPU time was:         00:00:00.00
